The MPI test test_mpi for C in mode normal failed to compile with the following output:
Change Dir: C:/Users/david/shared-folder/PDEs/nmpde-labs/NMPDE_Project/cmake-build-debug/CMakeFiles/CMakeTmp

Run Build Command(s):C:/Program Files/JetBrains/CLion 2022.3/bin/ninja/win/ninja.exe cmTC_78765 && [1/2] Building C object CMakeFiles/cmTC_78765.dir/test_mpi.c.obj
FAILED: CMakeFiles/cmTC_78765.dir/test_mpi.c.obj 
C:\PROGRA~1\JETBRA~1\CLION2~1.3\bin\mingw\bin\gcc.exe   -fdiagnostics-color=always -o CMakeFiles/cmTC_78765.dir/test_mpi.c.obj -c "C:/Program Files/JetBrains/CLion 2022.3/bin/cmake/win/share/cmake-3.24/Modules/FindMPI/test_mpi.c"
C:/Program Files/JetBrains/CLion 2022.3/bin/cmake/win/share/cmake-3.24/Modules/FindMPI/test_mpi.c:1:10: fatal error: mpi.h: No such file or directory
    1 | #include <mpi.h>
      |          ^~~~~~~
compilation terminated.
ninja: build stopped: subcommand failed.



The MPI test test_mpi for CXX in mode normal failed to compile with the following output:
Change Dir: C:/Users/david/shared-folder/PDEs/nmpde-labs/NMPDE_Project/cmake-build-debug/CMakeFiles/CMakeTmp

Run Build Command(s):C:/Program Files/JetBrains/CLion 2022.3/bin/ninja/win/ninja.exe cmTC_663b3 && [1/2] Building CXX object CMakeFiles/cmTC_663b3.dir/test_mpi.cpp.obj
FAILED: CMakeFiles/cmTC_663b3.dir/test_mpi.cpp.obj 
C:\PROGRA~1\JETBRA~1\CLION2~1.3\bin\mingw\bin\G__~1.EXE   -fdiagnostics-color=always -std=gnu++17 -o CMakeFiles/cmTC_663b3.dir/test_mpi.cpp.obj -c C:/Users/david/shared-folder/PDEs/nmpde-labs/NMPDE_Project/cmake-build-debug/CMakeFiles/FindMPI/test_mpi.cpp
C:/Users/david/shared-folder/PDEs/nmpde-labs/NMPDE_Project/cmake-build-debug/CMakeFiles/FindMPI/test_mpi.cpp:1:10: fatal error: mpi.h: No such file or directory
    1 | #include <mpi.h>
      |          ^~~~~~~
compilation terminated.
ninja: build stopped: subcommand failed.



